[CRASH] TypeError('cannot unpack non-iterable NoneType object')
Traceback (most recent call last):
  File "D:\sideformers_M2\T1M1\t1_m1_pipeline.py", line 209, in call_layer
    out = layer(hidden_states, **kwargs)
          ^^^^^^^^^^^^^^^^^^^^^^^^^^^^^^
  File "D:\Anaconda\envs\slideformer\Lib\site-packages\transformers\modeling_layers.py", line 94, in __call__
    return super().__call__(*args, **kwargs)
           ^^^^^^^^^^^^^^^^^^^^^^^^^^^^^^^^^
  File "D:\Anaconda\envs\slideformer\Lib\site-packages\torch\nn\modules\module.py", line 1751, in _wrapped_call_impl
    return self._call_impl(*args, **kwargs)
           ^^^^^^^^^^^^^^^^^^^^^^^^^^^^^^^^
  File "D:\Anaconda\envs\slideformer\Lib\site-packages\torch\nn\modules\module.py", line 1762, in _call_impl
    return forward_call(*args, **kwargs)
           ^^^^^^^^^^^^^^^^^^^^^^^^^^^^^
  File "D:\Anaconda\envs\slideformer\Lib\site-packages\transformers\utils\deprecation.py", line 172, in wrapped_func
    return func(*args, **kwargs)
           ^^^^^^^^^^^^^^^^^^^^^
  File "D:\Anaconda\envs\slideformer\Lib\site-packages\transformers\models\qwen3\modeling_qwen3.py", line 260, in forward
    hidden_states, _ = self.self_attn(
                       ^^^^^^^^^^^^^^^
  File "D:\Anaconda\envs\slideformer\Lib\site-packages\torch\nn\modules\module.py", line 1751, in _wrapped_call_impl
    return self._call_impl(*args, **kwargs)
           ^^^^^^^^^^^^^^^^^^^^^^^^^^^^^^^^
  File "D:\Anaconda\envs\slideformer\Lib\site-packages\torch\nn\modules\module.py", line 1762, in _call_impl
    return forward_call(*args, **kwargs)
           ^^^^^^^^^^^^^^^^^^^^^^^^^^^^^
  File "D:\Anaconda\envs\slideformer\Lib\site-packages\transformers\utils\deprecation.py", line 172, in wrapped_func
    return func(*args, **kwargs)
           ^^^^^^^^^^^^^^^^^^^^^
  File "D:\Anaconda\envs\slideformer\Lib\site-packages\transformers\models\qwen3\modeling_qwen3.py", line 204, in forward
    cos, sin = position_embeddings
    ^^^^^^^^
TypeError: cannot unpack non-iterable NoneType object

During handling of the above exception, another exception occurred:

Traceback (most recent call last):
  File "D:\sideformers_M2\T1M1\t1_m1_pipeline.py", line 214, in call_layer
    out = layer(hidden_states, **kwargs)
          ^^^^^^^^^^^^^^^^^^^^^^^^^^^^^^
  File "D:\Anaconda\envs\slideformer\Lib\site-packages\transformers\modeling_layers.py", line 94, in __call__
    return super().__call__(*args, **kwargs)
           ^^^^^^^^^^^^^^^^^^^^^^^^^^^^^^^^^
  File "D:\Anaconda\envs\slideformer\Lib\site-packages\torch\nn\modules\module.py", line 1751, in _wrapped_call_impl
    return self._call_impl(*args, **kwargs)
           ^^^^^^^^^^^^^^^^^^^^^^^^^^^^^^^^
  File "D:\Anaconda\envs\slideformer\Lib\site-packages\torch\nn\modules\module.py", line 1762, in _call_impl
    return forward_call(*args, **kwargs)
           ^^^^^^^^^^^^^^^^^^^^^^^^^^^^^
  File "D:\Anaconda\envs\slideformer\Lib\site-packages\transformers\utils\deprecation.py", line 172, in wrapped_func
    return func(*args, **kwargs)
           ^^^^^^^^^^^^^^^^^^^^^
  File "D:\Anaconda\envs\slideformer\Lib\site-packages\transformers\models\qwen3\modeling_qwen3.py", line 260, in forward
    hidden_states, _ = self.self_attn(
                       ^^^^^^^^^^^^^^^
  File "D:\Anaconda\envs\slideformer\Lib\site-packages\torch\nn\modules\module.py", line 1751, in _wrapped_call_impl
    return self._call_impl(*args, **kwargs)
           ^^^^^^^^^^^^^^^^^^^^^^^^^^^^^^^^
  File "D:\Anaconda\envs\slideformer\Lib\site-packages\torch\nn\modules\module.py", line 1762, in _call_impl
    return forward_call(*args, **kwargs)
           ^^^^^^^^^^^^^^^^^^^^^^^^^^^^^
  File "D:\Anaconda\envs\slideformer\Lib\site-packages\transformers\utils\deprecation.py", line 172, in wrapped_func
    return func(*args, **kwargs)
           ^^^^^^^^^^^^^^^^^^^^^
  File "D:\Anaconda\envs\slideformer\Lib\site-packages\transformers\models\qwen3\modeling_qwen3.py", line 204, in forward
    cos, sin = position_embeddings
    ^^^^^^^^
TypeError: cannot unpack non-iterable NoneType object

During handling of the above exception, another exception occurred:

Traceback (most recent call last):
  File "D:\sideformers_M2\T1M1\t1_m1_pipeline.py", line 488, in <module>
    main()
  File "D:\sideformers_M2\T1M1\t1_m1_pipeline.py", line 387, in main
    fwd_ms, hidden = measure_cuda(lambda: call_layer(layer_mod, hidden, attention_mask, position_ids, logger))
                     ^^^^^^^^^^^^^^^^^^^^^^^^^^^^^^^^^^^^^^^^^^^^^^^^^^^^^^^^^^^^^^^^^^^^^^^^^^^^^^^^^^^^^^^^^
  File "D:\sideformers_M2\T1M1\t1_m1_pipeline.py", line 122, in measure_cuda
    out = fn()
          ^^^^
  File "D:\sideformers_M2\T1M1\t1_m1_pipeline.py", line 387, in <lambda>
    fwd_ms, hidden = measure_cuda(lambda: call_layer(layer_mod, hidden, attention_mask, position_ids, logger))
                                          ^^^^^^^^^^^^^^^^^^^^^^^^^^^^^^^^^^^^^^^^^^^^^^^^^^^^^^^^^^^^^^^^^^^
  File "D:\sideformers_M2\T1M1\t1_m1_pipeline.py", line 216, in call_layer
    out = layer(hidden_states)
          ^^^^^^^^^^^^^^^^^^^^
  File "D:\Anaconda\envs\slideformer\Lib\site-packages\transformers\modeling_layers.py", line 94, in __call__
    return super().__call__(*args, **kwargs)
           ^^^^^^^^^^^^^^^^^^^^^^^^^^^^^^^^^
  File "D:\Anaconda\envs\slideformer\Lib\site-packages\torch\nn\modules\module.py", line 1751, in _wrapped_call_impl
    return self._call_impl(*args, **kwargs)
           ^^^^^^^^^^^^^^^^^^^^^^^^^^^^^^^^
  File "D:\Anaconda\envs\slideformer\Lib\site-packages\torch\nn\modules\module.py", line 1762, in _call_impl
    return forward_call(*args, **kwargs)
           ^^^^^^^^^^^^^^^^^^^^^^^^^^^^^
  File "D:\Anaconda\envs\slideformer\Lib\site-packages\transformers\utils\deprecation.py", line 172, in wrapped_func
    return func(*args, **kwargs)
           ^^^^^^^^^^^^^^^^^^^^^
  File "D:\Anaconda\envs\slideformer\Lib\site-packages\transformers\models\qwen3\modeling_qwen3.py", line 260, in forward
    hidden_states, _ = self.self_attn(
                       ^^^^^^^^^^^^^^^
  File "D:\Anaconda\envs\slideformer\Lib\site-packages\torch\nn\modules\module.py", line 1751, in _wrapped_call_impl
    return self._call_impl(*args, **kwargs)
           ^^^^^^^^^^^^^^^^^^^^^^^^^^^^^^^^
  File "D:\Anaconda\envs\slideformer\Lib\site-packages\torch\nn\modules\module.py", line 1762, in _call_impl
    return forward_call(*args, **kwargs)
           ^^^^^^^^^^^^^^^^^^^^^^^^^^^^^
  File "D:\Anaconda\envs\slideformer\Lib\site-packages\transformers\utils\deprecation.py", line 172, in wrapped_func
    return func(*args, **kwargs)
           ^^^^^^^^^^^^^^^^^^^^^
  File "D:\Anaconda\envs\slideformer\Lib\site-packages\transformers\models\qwen3\modeling_qwen3.py", line 204, in forward
    cos, sin = position_embeddings
    ^^^^^^^^
TypeError: cannot unpack non-iterable NoneType object
